This file contains any messages produced by compilers while
running configure, to aid debugging if configure makes a mistake.

It was created by configure, which was
generated by GNU Autoconf 2.69.  Invocation command line was

  $ ./configure 

## --------- ##
## Platform. ##
## --------- ##

hostname = vivaldi.tim.linglan.net
uname -m = x86_64
uname -r = 3.6.11-4.fc16.x86_64
uname -s = Linux
uname -v = #1 SMP Tue Jan 8 20:57:42 UTC 2013

/usr/bin/uname -p = unknown
/bin/uname -X     = unknown

/bin/arch              = x86_64
/usr/bin/arch -k       = unknown
/usr/convex/getsysinfo = unknown
/usr/bin/hostinfo      = unknown
/bin/machine           = unknown
/usr/bin/oslevel       = unknown
/bin/universe          = unknown

PATH: /usr/local/bin
PATH: /bin
PATH: /usr/bin


## ----------- ##
## Core tests. ##
## ----------- ##

configure:2019: checking build system type
configure:2033: result: x86_64-unknown-linux-gnu
configure:2053: checking host system type
configure:2066: result: x86_64-unknown-linux-gnu
configure:2154: checking for gcc
configure:2170: found /usr/bin/gcc
configure:2181: result: gcc
configure:2410: checking for C compiler version
configure:2419: gcc --version >&5
gcc (GCC) 4.6.3 20120306 (Red Hat 4.6.3-2)
Copyright (C) 2011 Free Software Foundation, Inc.
This is free software; see the source for copying conditions.  There is NO
warranty; not even for MERCHANTABILITY or FITNESS FOR A PARTICULAR PURPOSE.

configure:2430: $? = 0
configure:2419: gcc -v >&5
Using built-in specs.
COLLECT_GCC=gcc
COLLECT_LTO_WRAPPER=/usr/libexec/gcc/x86_64-redhat-linux/4.6.3/lto-wrapper
Target: x86_64-redhat-linux
Configured with: ../configure --prefix=/usr --mandir=/usr/share/man --infodir=/usr/share/info --with-bugurl=http://bugzilla.redhat.com/bugzilla --enable-bootstrap --enable-shared --enable-threads=posix --enable-checking=release --with-system-zlib --enable-__cxa_atexit --disable-libunwind-exceptions --enable-gnu-unique-object --enable-linker-build-id --enable-languages=c,c++,objc,obj-c++,java,fortran,ada,go,lto --enable-plugin --enable-java-awt=gtk --disable-dssi --with-java-home=/usr/lib/jvm/java-1.5.0-gcj-1.5.0.0/jre --enable-libgcj-multifile --enable-java-maintainer-mode --with-ecj-jar=/usr/share/java/eclipse-ecj.jar --disable-libjava-multilib --with-ppl --with-cloog --with-tune=generic --with-arch_32=i686 --build=x86_64-redhat-linux
Thread model: posix
gcc version 4.6.3 20120306 (Red Hat 4.6.3-2) (GCC) 
configure:2430: $? = 0
configure:2419: gcc -V >&5
gcc: error: unrecognized option '-V'
gcc: fatal error: no input files
compilation terminated.
configure:2430: $? = 4
configure:2419: gcc -qversion >&5
gcc: error: unrecognized option '-qversion'
gcc: fatal error: no input files
compilation terminated.
configure:2430: $? = 4
configure:2450: checking whether the C compiler works
configure:2472: gcc    conftest.c  >&5
configure:2476: $? = 0
configure:2524: result: yes
configure:2527: checking for C compiler default output file name
configure:2529: result: a.out
configure:2535: checking for suffix of executables
configure:2542: gcc -o conftest    conftest.c  >&5
configure:2546: $? = 0
configure:2568: result: 
configure:2590: checking whether we are cross compiling
configure:2598: gcc -o conftest    conftest.c  >&5
configure:2602: $? = 0
configure:2609: ./conftest
configure:2613: $? = 0
configure:2628: result: no
configure:2633: checking for suffix of object files
configure:2655: gcc -c   conftest.c >&5
configure:2659: $? = 0
configure:2680: result: o
configure:2684: checking whether we are using the GNU C compiler
configure:2703: gcc -c   conftest.c >&5
configure:2703: $? = 0
configure:2712: result: yes
configure:2721: checking whether gcc accepts -g
configure:2741: gcc -c -g  conftest.c >&5
configure:2741: $? = 0
configure:2782: result: yes
configure:2799: checking for gcc option to accept ISO C89
configure:2862: gcc  -c -g -O2  conftest.c >&5
configure:2862: $? = 0
configure:2875: result: none needed
configure:2900: checking how to run the C preprocessor
configure:2931: gcc -E  conftest.c
configure:2931: $? = 0
configure:2945: gcc -E  conftest.c
conftest.c:9:28: fatal error: ac_nonexistent.h: No such file or directory
compilation terminated.
configure:2945: $? = 1
configure: failed program was:
| /* confdefs.h */
| #define PACKAGE_NAME ""
| #define PACKAGE_TARNAME ""
| #define PACKAGE_VERSION ""
| #define PACKAGE_STRING ""
| #define PACKAGE_BUGREPORT ""
| #define PACKAGE_URL ""
| /* end confdefs.h.  */
| #include <ac_nonexistent.h>
configure:2970: result: gcc -E
configure:2990: gcc -E  conftest.c
configure:2990: $? = 0
configure:3004: gcc -E  conftest.c
conftest.c:9:28: fatal error: ac_nonexistent.h: No such file or directory
compilation terminated.
configure:3004: $? = 1
configure: failed program was:
| /* confdefs.h */
| #define PACKAGE_NAME ""
| #define PACKAGE_TARNAME ""
| #define PACKAGE_VERSION ""
| #define PACKAGE_STRING ""
| #define PACKAGE_BUGREPORT ""
| #define PACKAGE_URL ""
| /* end confdefs.h.  */
| #include <ac_nonexistent.h>
configure:3033: checking for library containing strerror
configure:3064: gcc -o conftest -g -O2   conftest.c  >&5
configure:3064: $? = 0
configure:3081: result: none required
configure:3106: checking for a BSD-compatible install
configure:3174: result: /usr/bin/install -c
configure:3228: checking for ranlib
configure:3244: found /usr/bin/ranlib
configure:3255: result: ranlib
configure:3279: checking for autoconf
configure:3295: found /usr/bin/autoconf
configure:3307: result: autoconf
configure:3317: checking for cp
configure:3333: found /bin/cp
configure:3345: result: cp
configure:3355: checking for rm
configure:3371: found /bin/rm
configure:3383: result: rm
configure:3393: checking for python3
configure:3409: found /usr/bin/python3
configure:3421: result: yes
configure:3431: checking for python
configure:3447: found /usr/bin/python
configure:3459: result: yes
configure:3475: checking for grep that handles long lines and -e
configure:3533: result: /bin/grep
configure:3538: checking for egrep
configure:3600: result: /bin/grep -E
configure:3605: checking for ANSI C header files
configure:3625: gcc -c -g -O2  conftest.c >&5
configure:3625: $? = 0
configure:3698: gcc -o conftest -g -O2   conftest.c  >&5
configure:3698: $? = 0
configure:3698: ./conftest
configure:3698: $? = 0
configure:3709: result: yes
configure:3720: checking for setenv
configure:3720: gcc -o conftest -g -O2   conftest.c  >&5
configure:3720: $? = 0
configure:3720: result: yes
configure:3720: checking for putenv
configure:3720: gcc -o conftest -g -O2   conftest.c  >&5
configure:3720: $? = 0
configure:3720: result: yes
configure:3732: checking for env
configure:3750: found /bin/env
configure:3763: result: /bin/env
configure:3834: checking for tclsh
configure:3852: found /usr/bin/tclsh
configure:3865: result: /usr/bin/tclsh
configure:3938: checking for magic
configure:3971: result: no
configure:4041: checking for qrouter
configure:4074: result: no
configure:4144: checking for graywolf
configure:4177: result: no
configure:4247: checking for yosys
configure:4280: result: no
configure:4496: creating ./config.status

## ---------------------- ##
## Running config.status. ##
## ---------------------- ##

This file was extended by config.status, which was
generated by GNU Autoconf 2.69.  Invocation command line was

  CONFIG_FILES    = 
  CONFIG_HEADERS  = 
  CONFIG_LINKS    = 
  CONFIG_COMMANDS = 
  $ ./config.status 

on vivaldi.tim.linglan.net

config.status:761: creating Makefile
config.status:761: creating scripts/Makefile
config.status:761: creating src/Makefile
config.status:761: creating tech/Makefile
config.status:761: creating tech/osu050/Makefile
config.status:761: creating tech/osu035/Makefile
config.status:761: creating tech/osu018/Makefile
config.status:761: creating tech/gscl45nm/Makefile

## ---------------- ##
## Cache variables. ##
## ---------------- ##

ac_cv_build=x86_64-unknown-linux-gnu
ac_cv_c_compiler_gnu=yes
ac_cv_env_CC_set=
ac_cv_env_CC_value=
ac_cv_env_CFLAGS_set=
ac_cv_env_CFLAGS_value=
ac_cv_env_CPPFLAGS_set=
ac_cv_env_CPPFLAGS_value=
ac_cv_env_CPP_set=
ac_cv_env_CPP_value=
ac_cv_env_LDFLAGS_set=
ac_cv_env_LDFLAGS_value=
ac_cv_env_LIBS_set=
ac_cv_env_LIBS_value=
ac_cv_env_build_alias_set=
ac_cv_env_build_alias_value=
ac_cv_env_host_alias_set=
ac_cv_env_host_alias_value=
ac_cv_env_target_alias_set=
ac_cv_env_target_alias_value=
ac_cv_func_putenv=yes
ac_cv_func_setenv=yes
ac_cv_header_stdc=yes
ac_cv_host=x86_64-unknown-linux-gnu
ac_cv_objext=o
ac_cv_path_EGREP='/bin/grep -E'
ac_cv_path_ENV_PATH=/bin/env
ac_cv_path_GREP=/bin/grep
ac_cv_path_TCLSH_PATH=/usr/bin/tclsh
ac_cv_path_install='/usr/bin/install -c'
ac_cv_prog_AUTOCONF=autoconf
ac_cv_prog_CP=cp
ac_cv_prog_CPP='gcc -E'
ac_cv_prog_HAVE_PYTHON3=yes
ac_cv_prog_HAVE_PYTHON=yes
ac_cv_prog_RM=rm
ac_cv_prog_ac_ct_CC=gcc
ac_cv_prog_ac_ct_RANLIB=ranlib
ac_cv_prog_cc_c89=
ac_cv_prog_cc_g=yes
ac_cv_search_strerror='none required'

## ----------------- ##
## Output variables. ##
## ----------------- ##

AUTOCONF='autoconf'
CC='gcc'
CFLAGS='-g -O2'
CP='cp'
CPP='gcc -E'
CPPFLAGS=''
DEFS='-DPACKAGE_NAME=\"\" -DPACKAGE_TARNAME=\"\" -DPACKAGE_VERSION=\"\" -DPACKAGE_STRING=\"\" -DPACKAGE_BUGREPORT=\"\" -DPACKAGE_URL=\"\" -DSTDC_HEADERS=1 -DHAVE_SETENV=1 -DHAVE_PUTENV=1 -DTCLSH_PATH=\"/usr/bin/tclsh\" -DQFLOW_MAGIC_PATH=\"\" -DQFLOW_QROUTER_PATH=\"\" -DQFLOW_GRAYWOLF_PATH=\"\" -DQFLOW_YOSYS_PATH=\"\"'
ECHO_C=''
ECHO_N='-n'
ECHO_T=''
EGREP='/bin/grep -E'
ENV_PATH='/bin/env'
EXEEXT=''
GREP='/bin/grep'
HAVE_PYTHON3='yes'
HAVE_PYTHON='yes'
HAVE_YOSYS='0'
INSTALL_DATA='${INSTALL} -m 644'
INSTALL_PROGRAM='${INSTALL}'
INSTALL_SCRIPT='${INSTALL}'
LD=''
LDFLAGS=''
LIBOBJS=''
LIBS=''
LTLIBOBJS=''
OBJEXT='o'
PACKAGE_BUGREPORT=''
PACKAGE_NAME=''
PACKAGE_STRING=''
PACKAGE_TARNAME=''
PACKAGE_URL=''
PACKAGE_VERSION=''
PATH_SEPARATOR=':'
QFLOW_BIN_DIR='/usr/local/bin'
QFLOW_GRAYWOLF_PATH=''
QFLOW_LIB_DIR='/usr/local/share/qflow'
QFLOW_MAGIC_PATH=''
QFLOW_QROUTER_PATH=''
QFLOW_YOSYS_PATH=''
RANLIB='ranlib'
REVISION='16'
RM='rm'
SHELL='/bin/sh'
STDLIBS=''
TCLSH_PATH='/usr/bin/tclsh'
VERSION='1.2'
ac_ct_CC='gcc'
bindir='${exec_prefix}/bin'
build='x86_64-unknown-linux-gnu'
build_alias=''
build_cpu='x86_64'
build_os='linux-gnu'
build_vendor='unknown'
datadir='${datarootdir}'
datarootdir='${prefix}/share'
docdir='${datarootdir}/doc/${PACKAGE}'
dvidir='${docdir}'
exec_prefix='${prefix}'
host='x86_64-unknown-linux-gnu'
host_alias=''
host_cpu='x86_64'
host_os='linux-gnu'
host_vendor='unknown'
htmldir='${docdir}'
includedir='${prefix}/include'
infodir='${datarootdir}/info'
libdir='${exec_prefix}/lib'
libexecdir='${exec_prefix}/libexec'
localedir='${datarootdir}/locale'
localstatedir='${prefix}/var'
mandir='${datarootdir}/man'
oldincludedir='/usr/include'
pdfdir='${docdir}'
prefix='/usr/local'
program_transform_name='s,x,x,'
psdir='${docdir}'
sbindir='${exec_prefix}/sbin'
sharedstatedir='${prefix}/com'
sysconfdir='${prefix}/etc'
target_alias=''

## ----------- ##
## confdefs.h. ##
## ----------- ##

/* confdefs.h */
#define PACKAGE_NAME ""
#define PACKAGE_TARNAME ""
#define PACKAGE_VERSION ""
#define PACKAGE_STRING ""
#define PACKAGE_BUGREPORT ""
#define PACKAGE_URL ""
#define STDC_HEADERS 1
#define HAVE_SETENV 1
#define HAVE_PUTENV 1
#define TCLSH_PATH "/usr/bin/tclsh"
#define QFLOW_MAGIC_PATH ""
#define QFLOW_QROUTER_PATH ""
#define QFLOW_GRAYWOLF_PATH ""
#define QFLOW_YOSYS_PATH ""

configure: exit 0
